2026-04-04 14:17:49.899 [main] INFO  o.s.d.r.c.RepositoryConfigurationDelegate - Bootstrapping Spring Data JDBC repositories in DEFAULT mode.
2026-04-04 14:17:49.938 [main] INFO  o.s.d.r.c.RepositoryConfigurationDelegate - Finished Spring Data repository scanning in 34 ms. Found 1 JDBC repository interface.
2026-04-04 14:17:50.072 [main] INFO  c.e.l.c.DatabaseConfiguration - Configuring H2 embedded database
2026-04-04 14:17:50.077 [main] INFO  o.s.j.d.e.EmbeddedDatabaseFactory - Starting embedded database: url='jdbc:h2:mem:testdb;DB_CLOSE_DELAY=-1;DB_CLOSE_ON_EXIT=false', username='sa'
2026-04-04 14:17:50.242 [main] INFO  c.e.l.c.DatabaseConfiguration - H2 database configured successfully
2026-04-04 14:17:50.413 [main] INFO  c.e.l.r.impl.DBBeverageRepository - DBBeverageRepository initialized with Spring Data JDBC
2026-04-04 14:17:50.558 [main] INFO  c.e.l.r.impl.JSONBeverageRepository - Successfully loaded 4 beverages from JSON file
2026-04-04 14:17:50.560 [main] INFO  c.e.l.c.DatabaseConfiguration - Creating JdbcTemplate bean
2026-04-04 14:17:50.577 [main] INFO  com.esdc.lab3.service.CoffeeService - Service: Fetching all beverages
2026-04-04 14:17:50.577 [main] INFO  c.e.l.r.impl.JSONBeverageRepository - Fetching all beverages from JSON repository
2026-04-04 14:17:50.580 [main] INFO  c.e.l.r.impl.JSONBeverageRepository - Fetching all beverages from JSON repository
2026-04-04 14:17:50.581 [main] INFO  c.e.l.r.impl.JSONBeverageRepository - Fetching all beverages from JSON repository
2026-04-04 14:17:53.582 [main] INFO  c.e.l.s.DailyBeverageDiscountService - === DailyBeverageDiscountService CREATED (Lazy) ===
2026-04-04 16:12:19.531 [main] INFO  o.s.d.r.c.RepositoryConfigurationDelegate - Bootstrapping Spring Data JDBC repositories in DEFAULT mode.
2026-04-04 16:12:19.569 [main] INFO  o.s.d.r.c.RepositoryConfigurationDelegate - Finished Spring Data repository scanning in 33 ms. Found 1 JDBC repository interface.
2026-04-04 16:12:19.706 [main] INFO  c.e.l.c.DatabaseConfiguration - Configuring H2 embedded database
2026-04-04 16:12:19.711 [main] INFO  o.s.j.d.e.EmbeddedDatabaseFactory - Starting embedded database: url='jdbc:h2:mem:testdb;DB_CLOSE_DELAY=-1;DB_CLOSE_ON_EXIT=false', username='sa'
2026-04-04 16:12:19.868 [main] INFO  c.e.l.c.DatabaseConfiguration - H2 database configured successfully
2026-04-04 16:12:20.042 [main] INFO  c.e.l.r.impl.DBBeverageRepository - DBBeverageRepository initialized with Spring Data JDBC
2026-04-04 16:12:20.165 [main] INFO  c.e.l.r.impl.JSONBeverageRepository - Successfully loaded 4 beverages from JSON file
2026-04-04 16:12:20.168 [main] INFO  c.e.l.c.DatabaseConfiguration - Creating JdbcTemplate bean
2026-04-04 16:12:20.184 [main] INFO  com.esdc.lab3.service.CoffeeService - Service: Fetching all beverages
2026-04-04 16:12:20.185 [main] INFO  c.e.l.r.impl.JSONBeverageRepository - Fetching all beverages from JSON repository
2026-04-04 16:12:20.188 [main] INFO  c.e.l.r.impl.JSONBeverageRepository - Fetching all beverages from JSON repository
2026-04-04 16:12:20.188 [main] INFO  c.e.l.r.impl.JSONBeverageRepository - Fetching all beverages from JSON repository
2026-04-04 16:12:23.189 [main] INFO  c.e.l.s.DailyBeverageDiscountService - === DailyBeverageDiscountService CREATED (Lazy) ===
2026-04-04 16:59:13.126 [main] INFO  o.s.d.r.c.RepositoryConfigurationDelegate - Bootstrapping Spring Data JDBC repositories in DEFAULT mode.
2026-04-04 16:59:13.167 [main] INFO  o.s.d.r.c.RepositoryConfigurationDelegate - Finished Spring Data repository scanning in 36 ms. Found 1 JDBC repository interface.
2026-04-04 16:59:13.312 [main] INFO  c.e.l.c.DatabaseConfiguration - Configuring H2 embedded database
2026-04-04 16:59:13.317 [main] INFO  o.s.j.d.e.EmbeddedDatabaseFactory - Starting embedded database: url='jdbc:h2:mem:testdb;DB_CLOSE_DELAY=-1;DB_CLOSE_ON_EXIT=false', username='sa'
2026-04-04 16:59:13.458 [main] INFO  c.e.l.c.DatabaseConfiguration - H2 database configured successfully
2026-04-04 16:59:13.650 [main] INFO  c.e.l.r.impl.DBBeverageRepository - DBBeverageRepository initialized with Spring Data JDBC
2026-04-04 16:59:13.781 [main] INFO  c.e.l.r.impl.JSONBeverageRepository - Successfully loaded 4 beverages from JSON file
2026-04-04 16:59:13.783 [main] INFO  c.e.l.c.DatabaseConfiguration - Creating JdbcTemplate bean
2026-04-04 16:59:13.802 [main] INFO  com.esdc.lab3.service.CoffeeService - Service: Fetching all beverages
2026-04-04 16:59:13.802 [main] INFO  c.e.l.r.impl.JSONBeverageRepository - Fetching all beverages from JSON repository
2026-04-04 16:59:13.805 [main] INFO  c.e.l.r.impl.JSONBeverageRepository - Fetching all beverages from JSON repository
2026-04-04 16:59:13.806 [main] INFO  c.e.l.r.impl.JSONBeverageRepository - Fetching all beverages from JSON repository
2026-04-04 16:59:16.807 [main] INFO  c.e.l.s.DailyBeverageDiscountService - === DailyBeverageDiscountService CREATED (constructor) ===
2026-04-04 16:59:16.809 [main] INFO  c.e.l.s.DailyBeverageDiscountService - === DailyBeverageDiscountService INITIALIZED (@PostConstruct) ===
2026-04-04 16:59:16.809 [main] INFO  c.e.l.r.impl.JSONBeverageRepository - Fetching all beverages from JSON repository
2026-04-04 16:59:16.809 [main] INFO  c.e.l.s.DailyBeverageDiscountService - Daily discount: Espresso — 22.5% off
2026-04-04 16:59:16.811 [main] INFO  c.e.l.s.DailyBeverageDiscountService - === DailyBeverageDiscountService DESTROYED (@PreDestroy) ===
2026-04-04 16:59:16.812 [main] INFO  o.s.j.d.e.EmbeddedDatabaseFactory - Shutting down embedded database: url='jdbc:h2:mem:testdb;DB_CLOSE_DELAY=-1;DB_CLOSE_ON_EXIT=false'
2026-04-04 17:30:31.206 [main] INFO  o.s.d.r.c.RepositoryConfigurationDelegate - Bootstrapping Spring Data JDBC repositories in DEFAULT mode.
2026-04-04 17:30:31.245 [main] INFO  o.s.d.r.c.RepositoryConfigurationDelegate - Finished Spring Data repository scanning in 34 ms. Found 1 JDBC repository interface.
2026-04-04 17:30:31.395 [main] INFO  c.e.l.c.DatabaseConfiguration - Configuring H2 embedded database
2026-04-04 17:30:31.400 [main] INFO  o.s.j.d.e.EmbeddedDatabaseFactory - Starting embedded database: url='jdbc:h2:mem:testdb;DB_CLOSE_DELAY=-1;DB_CLOSE_ON_EXIT=false', username='sa'
2026-04-04 17:30:31.543 [main] INFO  c.e.l.c.DatabaseConfiguration - H2 database configured successfully
2026-04-04 17:30:31.713 [main] INFO  c.e.l.r.impl.DBBeverageRepository - DBBeverageRepository initialized with Spring Data JDBC
2026-04-04 17:30:31.839 [main] INFO  c.e.l.r.impl.JSONBeverageRepository - Successfully loaded 4 beverages from JSON file
2026-04-04 17:30:31.842 [main] INFO  c.e.l.c.DatabaseConfiguration - Creating JdbcTemplate bean
2026-04-04 17:30:31.865 [main] INFO  com.esdc.lab3.service.CoffeeService - Service: Fetching all beverages
2026-04-04 17:30:31.865 [main] INFO  c.e.l.r.impl.JSONBeverageRepository - Fetching all beverages from JSON repository
2026-04-04 17:30:31.870 [main] INFO  c.e.l.r.impl.JSONBeverageRepository - Fetching all beverages from JSON repository
2026-04-04 17:30:31.870 [main] INFO  c.e.l.r.impl.JSONBeverageRepository - Fetching all beverages from JSON repository
2026-04-04 17:30:34.872 [main] INFO  c.e.l.s.DailyBeverageDiscountService - === DailyBeverageDiscountService CREATED (constructor) ===
2026-04-04 17:30:34.873 [main] INFO  c.e.l.s.DailyBeverageDiscountService - === DailyBeverageDiscountService INITIALIZED (@PostConstruct) ===
2026-04-04 17:30:34.874 [main] INFO  c.e.l.r.impl.JSONBeverageRepository - Fetching all beverages from JSON repository
2026-04-04 17:30:34.874 [main] INFO  c.e.l.s.DailyBeverageDiscountService - Daily discount: Espresso — 22.5% off
2026-04-04 17:30:34.877 [main] INFO  c.e.l.s.DailyBeverageDiscountService - === DailyBeverageDiscountService DESTROYED (@PreDestroy) ===
2026-04-04 17:30:34.878 [main] INFO  o.s.j.d.e.EmbeddedDatabaseFactory - Shutting down embedded database: url='jdbc:h2:mem:testdb;DB_CLOSE_DELAY=-1;DB_CLOSE_ON_EXIT=false'
2026-04-04 20:44:28.709 [main] INFO  o.s.d.r.c.RepositoryConfigurationDelegate - Bootstrapping Spring Data JDBC repositories in DEFAULT mode.
2026-04-04 20:44:28.750 [main] INFO  o.s.d.r.c.RepositoryConfigurationDelegate - Finished Spring Data repository scanning in 36 ms. Found 1 JDBC repository interface.
2026-04-04 20:44:28.910 [main] INFO  c.e.l.c.DatabaseConfiguration - Configuring H2 embedded database
2026-04-04 20:44:28.916 [main] INFO  o.s.j.d.e.EmbeddedDatabaseFactory - Starting embedded database: url='jdbc:h2:mem:testdb;DB_CLOSE_DELAY=-1;DB_CLOSE_ON_EXIT=false', username='sa'
2026-04-04 20:44:29.096 [main] INFO  c.e.l.c.DatabaseConfiguration - H2 database configured successfully
2026-04-04 20:44:29.301 [main] INFO  c.e.l.r.impl.DBBeverageRepository - DBBeverageRepository initialized with Spring Data JDBC
2026-04-04 20:44:29.443 [main] INFO  c.e.l.r.impl.JSONBeverageRepository - Successfully loaded 4 beverages from JSON file
2026-04-04 20:44:29.447 [main] INFO  c.e.l.c.DatabaseConfiguration - Creating JdbcTemplate bean
2026-04-04 20:44:29.469 [main] INFO  com.esdc.lab3.service.CoffeeService - Service: Fetching all beverages
2026-04-04 20:44:29.469 [main] INFO  c.e.l.r.impl.JSONBeverageRepository - Fetching all beverages from JSON repository
2026-04-04 20:44:29.474 [main] INFO  c.e.l.r.impl.JSONBeverageRepository - Fetching all beverages from JSON repository
2026-04-04 20:44:29.475 [main] INFO  c.e.l.r.impl.JSONBeverageRepository - Fetching all beverages from JSON repository
2026-04-04 20:44:32.476 [main] INFO  c.e.l.s.DailyBeverageDiscountService - === DailyBeverageDiscountService CREATED (constructor) ===
2026-04-04 20:44:32.478 [main] INFO  c.e.l.s.DailyBeverageDiscountService - === DailyBeverageDiscountService INITIALIZED (@PostConstruct) ===
2026-04-04 20:44:32.478 [main] INFO  c.e.l.r.impl.JSONBeverageRepository - Fetching all beverages from JSON repository
2026-04-04 20:44:32.478 [main] INFO  c.e.l.s.DailyBeverageDiscountService - Daily discount: Espresso — 22.5% off
2026-04-04 20:44:32.480 [main] INFO  c.e.l.s.DailyBeverageDiscountService - === DailyBeverageDiscountService DESTROYED (@PreDestroy) ===
2026-04-04 20:44:32.481 [main] INFO  o.s.j.d.e.EmbeddedDatabaseFactory - Shutting down embedded database: url='jdbc:h2:mem:testdb;DB_CLOSE_DELAY=-1;DB_CLOSE_ON_EXIT=false'
